2018-03-20 12:05:17,756 INFO c.s.t.a.a.p.u.PhoneMenu [main] 
==========Phone Book==========
1) Add record.
2) Delete record.
3) Print record.
4) Query Phone Number.
5) Exit.
Enter Your Choice : 
2018-03-20 12:05:36,316 INFO c.s.t.a.a.p.u.PhoneMenu [main] Enter name : 
2018-03-20 12:05:40,779 INFO c.s.t.a.a.p.u.PhoneMenu [main] Enter Phone Number : 
2018-03-20 12:05:46,284 INFO c.s.t.a.a.p.u.PhoneMenu [main] Phone record is not added.
2018-03-20 12:05:46,286 INFO c.s.t.a.a.p.u.PhoneMenu [main] Do you want to add more records ?(y/n)
2018-03-20 12:05:55,373 INFO c.s.t.a.a.p.u.PhoneMenu [main] Enter name : 
2018-03-20 12:06:02,796 INFO c.s.t.a.a.p.u.PhoneMenu [main] Enter Phone Number : 
2018-03-20 12:06:06,172 INFO c.s.t.a.a.p.u.PhoneMenu [main] Phone record is not added.
2018-03-20 12:06:06,174 INFO c.s.t.a.a.p.u.PhoneMenu [main] Do you want to add more records ?(y/n)
2018-03-20 12:06:10,141 INFO c.s.t.a.a.p.u.PhoneMenu [main] 
==========Phone Book==========
1) Add record.
2) Delete record.
3) Print record.
4) Query Phone Number.
5) Exit.
Enter Your Choice : 
2018-03-20 12:06:12,237 INFO c.s.t.a.a.p.u.PhoneMenu [main] Program Terminated.
2018-03-20 12:07:47,209 INFO c.s.t.a.a.p.u.PhoneMenu [main] 
==========Phone Book==========
1) Add record.
2) Delete record.
3) Print record.
4) Query Phone Number.
5) Exit.
Enter Your Choice : 
2018-03-20 12:07:51,505 INFO c.s.t.a.a.p.u.PhoneMenu [main] Enter name : 
2018-03-20 12:07:53,439 INFO c.s.t.a.a.p.u.PhoneMenu [main] Enter Phone Number : 
2018-03-20 12:07:57,103 INFO c.s.t.a.a.p.u.PhoneMenu [main] Phone record is not added.
2018-03-20 12:07:57,104 INFO c.s.t.a.a.p.u.PhoneMenu [main] Do you want to add more records ?(y/n)
2018-03-20 12:07:59,617 INFO c.s.t.a.a.p.u.PhoneMenu [main] 
==========Phone Book==========
1) Add record.
2) Delete record.
3) Print record.
4) Query Phone Number.
5) Exit.
Enter Your Choice : 
2018-03-20 12:08:02,848 INFO c.s.t.a.a.p.u.PhoneMenu [main] Displaying phone records :
2018-03-20 12:08:02,849 INFO c.s.t.a.a.p.u.PhoneMenu [main] 
==========Phone Book==========
1) Add record.
2) Delete record.
3) Print record.
4) Query Phone Number.
5) Exit.
Enter Your Choice : 
2018-03-20 12:10:08,515 INFO c.s.t.a.a.p.u.PhoneMenu [main] 
==========Phone Book==========
1) Add record.
2) Delete record.
3) Print record.
4) Query Phone Number.
5) Exit.
Enter Your Choice : 
2018-03-20 12:10:10,867 INFO c.s.t.a.a.p.u.PhoneMenu [main] Enter name : 
2018-03-20 12:10:13,570 INFO c.s.t.a.a.p.u.PhoneMenu [main] Enter Phone Number : 
2018-03-20 12:10:15,588 INFO c.s.t.a.a.p.u.PhoneMenu [main] Phone record is not added.
2018-03-20 12:10:15,588 INFO c.s.t.a.a.p.u.PhoneMenu [main] Do you want to add more records ?(y/n)
2018-03-20 12:10:31,283 INFO c.s.t.a.a.p.u.PhoneMenu [main] 
==========Phone Book==========
1) Add record.
2) Delete record.
3) Print record.
4) Query Phone Number.
5) Exit.
Enter Your Choice : 
2018-03-20 12:10:34,116 INFO c.s.t.a.a.p.u.PhoneMenu [main] Displaying phone records :
2018-03-20 12:10:34,117 INFO c.s.t.a.a.p.u.PhoneMenu [main] 
==========Phone Book==========
1) Add record.
2) Delete record.
3) Print record.
4) Query Phone Number.
5) Exit.
Enter Your Choice : 
2018-03-20 12:10:39,491 INFO c.s.t.a.a.p.u.PhoneMenu [main] Program Terminated.
2018-03-20 12:12:02,238 INFO c.s.t.a.a.p.u.PhoneMenu [main] 
==========Phone Book==========
1) Add record.
2) Delete record.
3) Print record.
4) Query Phone Number.
5) Exit.
Enter Your Choice : 
2018-03-20 12:12:04,327 INFO c.s.t.a.a.p.u.PhoneMenu [main] Enter name : 
2018-03-20 12:12:07,622 INFO c.s.t.a.a.p.u.PhoneMenu [main] Enter Phone Number : 
2018-03-20 12:12:10,149 INFO c.s.t.a.a.p.u.PhoneMenu [main] Phone record is added.
2018-03-20 12:12:10,149 INFO c.s.t.a.a.p.u.PhoneMenu [main] Do you want to add more records ?(y/n)
2018-03-20 12:12:13,462 INFO c.s.t.a.a.p.u.PhoneMenu [main] Enter name : 
2018-03-20 12:12:18,310 INFO c.s.t.a.a.p.u.PhoneMenu [main] Enter Phone Number : 
2018-03-20 12:12:19,110 INFO c.s.t.a.a.p.u.PhoneMenu [main] Phone record is added.
2018-03-20 12:12:19,110 INFO c.s.t.a.a.p.u.PhoneMenu [main] Do you want to add more records ?(y/n)
2018-03-20 12:12:20,854 INFO c.s.t.a.a.p.u.PhoneMenu [main] 
==========Phone Book==========
1) Add record.
2) Delete record.
3) Print record.
4) Query Phone Number.
5) Exit.
Enter Your Choice : 
2018-03-20 12:12:22,949 INFO c.s.t.a.a.p.u.PhoneMenu [main] Displaying phone records :
2018-03-20 12:12:22,951 INFO c.s.t.a.a.p.u.PhoneMenu [main] 
==========Phone Book==========
1) Add record.
2) Delete record.
3) Print record.
4) Query Phone Number.
5) Exit.
Enter Your Choice : 
2018-03-20 12:12:28,389 INFO c.s.t.a.a.p.u.PhoneMenu [main] Enter name : 
2018-03-20 12:12:31,397 INFO c.s.t.a.a.p.u.PhoneMenu [main] Record is deleted.
2018-03-20 12:12:31,397 INFO c.s.t.a.a.p.u.PhoneMenu [main] Do you want to delete more records ?(y/n)
2018-03-20 12:12:34,950 INFO c.s.t.a.a.p.u.PhoneMenu [main] 
==========Phone Book==========
1) Add record.
2) Delete record.
3) Print record.
4) Query Phone Number.
5) Exit.
Enter Your Choice : 
2018-03-20 12:12:39,542 INFO c.s.t.a.a.p.u.PhoneMenu [main] Displaying phone records :
2018-03-20 12:12:39,543 INFO c.s.t.a.a.p.u.PhoneMenu [main] 
==========Phone Book==========
1) Add record.
2) Delete record.
3) Print record.
4) Query Phone Number.
5) Exit.
Enter Your Choice : 
2018-03-20 12:12:45,766 INFO c.s.t.a.a.p.u.PhoneMenu [main] Enter name : 
2018-03-20 12:12:48,230 INFO c.s.t.a.a.p.u.PhoneMenu [main] Do you want to query more records ?(y/n)
2018-03-20 12:12:53,830 INFO c.s.t.a.a.p.u.PhoneMenu [main] 
==========Phone Book==========
1) Add record.
2) Delete record.
3) Print record.
4) Query Phone Number.
5) Exit.
Enter Your Choice : 
2018-03-20 12:12:56,294 INFO c.s.t.a.a.p.u.PhoneMenu [main] Program Terminated.
