2018-02-08 18:13:04,437 INFO c.s.t.a.m.e.m.EmployeeMain [main] 
**********Employee Management System**********
2018-02-08 18:13:04,442 INFO c.s.t.a.m.e.m.EmployeeMain [main] 1. Add Employee Details.
2018-02-08 18:13:04,442 INFO c.s.t.a.m.e.m.EmployeeMain [main] 2. Update Employee Details.
2018-02-08 18:13:04,442 INFO c.s.t.a.m.e.m.EmployeeMain [main] 3. Delete Employee Details.
2018-02-08 18:13:04,442 INFO c.s.t.a.m.e.m.EmployeeMain [main] 4. Show Employee Details.
2018-02-08 18:13:04,443 INFO c.s.t.a.m.e.m.EmployeeMain [main] 5. Exit.
2018-02-08 18:13:04,443 INFO c.s.t.a.m.e.m.EmployeeMain [main] 
Enter Your Choice :
2018-02-08 18:13:22,757 INFO c.s.t.a.m.e.m.EmployeeMain [main] 
Program Terminated !!!

2018-02-08 18:14:03,201 INFO c.s.t.a.m.e.m.EmployeeMain [main] 
**********Employee Management System**********
2018-02-08 18:14:03,203 INFO c.s.t.a.m.e.m.EmployeeMain [main] 1. Add Employee Details.
2018-02-08 18:14:03,204 INFO c.s.t.a.m.e.m.EmployeeMain [main] 2. Update Employee Details.
2018-02-08 18:14:03,204 INFO c.s.t.a.m.e.m.EmployeeMain [main] 3. Delete Employee Details.
2018-02-08 18:14:03,204 INFO c.s.t.a.m.e.m.EmployeeMain [main] 4. Show Employee Details.
2018-02-08 18:14:03,204 INFO c.s.t.a.m.e.m.EmployeeMain [main] 5. Exit.
2018-02-08 18:14:03,204 INFO c.s.t.a.m.e.m.EmployeeMain [main] 
Enter Your Choice :
2018-02-08 18:14:06,749 INFO c.s.t.a.m.e.m.EmployeeMain [main] Invalid Choice. Try Again !!!
2018-02-08 18:14:06,749 INFO c.s.t.a.m.e.m.EmployeeMain [main] 
**********Employee Management System**********
2018-02-08 18:14:06,750 INFO c.s.t.a.m.e.m.EmployeeMain [main] 1. Add Employee Details.
2018-02-08 18:14:06,750 INFO c.s.t.a.m.e.m.EmployeeMain [main] 2. Update Employee Details.
2018-02-08 18:14:06,750 INFO c.s.t.a.m.e.m.EmployeeMain [main] 3. Delete Employee Details.
2018-02-08 18:14:06,750 INFO c.s.t.a.m.e.m.EmployeeMain [main] 4. Show Employee Details.
2018-02-08 18:14:06,750 INFO c.s.t.a.m.e.m.EmployeeMain [main] 5. Exit.
2018-02-08 18:14:06,750 INFO c.s.t.a.m.e.m.EmployeeMain [main] 
Enter Your Choice :
2018-02-08 18:14:16,445 INFO c.s.t.a.m.e.m.EmployeeMain [main] Program Terminated !!!
2018-02-08 18:16:04,455 INFO c.s.t.a.m.e.m.EmployeeMain [main] 
**********Employee Management System**********
2018-02-08 18:16:04,457 INFO c.s.t.a.m.e.m.EmployeeMain [main] 1. Add Employee Details.
2018-02-08 18:16:04,457 INFO c.s.t.a.m.e.m.EmployeeMain [main] 2. Update Employee Details.
2018-02-08 18:16:04,457 INFO c.s.t.a.m.e.m.EmployeeMain [main] 3. Delete Employee Details.
2018-02-08 18:16:04,458 INFO c.s.t.a.m.e.m.EmployeeMain [main] 4. Show Employee Details.
2018-02-08 18:16:04,458 INFO c.s.t.a.m.e.m.EmployeeMain [main] 5. Exit.
2018-02-08 18:16:04,458 INFO c.s.t.a.m.e.m.EmployeeMain [main] 
Enter Your Choice :
2018-02-08 18:16:09,390 INFO c.s.t.a.m.e.m.EmployeeMain [main] java.lang.NumberFormatException: For input string: "e" : Please input an integer !!!
2018-02-08 18:16:09,391 INFO c.s.t.a.m.e.m.EmployeeMain [main] 
**********Employee Management System**********
2018-02-08 18:16:09,391 INFO c.s.t.a.m.e.m.EmployeeMain [main] 1. Add Employee Details.
2018-02-08 18:16:09,391 INFO c.s.t.a.m.e.m.EmployeeMain [main] 2. Update Employee Details.
2018-02-08 18:16:09,391 INFO c.s.t.a.m.e.m.EmployeeMain [main] 3. Delete Employee Details.
2018-02-08 18:16:09,391 INFO c.s.t.a.m.e.m.EmployeeMain [main] 4. Show Employee Details.
2018-02-08 18:16:09,391 INFO c.s.t.a.m.e.m.EmployeeMain [main] 5. Exit.
2018-02-08 18:16:09,391 INFO c.s.t.a.m.e.m.EmployeeMain [main] 
Enter Your Choice :
2018-02-08 18:29:38,104 INFO c.s.t.a.m.e.m.EmployeeMain [main] 
**********Employee Management System**********
2018-02-08 18:29:38,106 INFO c.s.t.a.m.e.m.EmployeeMain [main] 1. Add Employee Details.
2018-02-08 18:29:38,106 INFO c.s.t.a.m.e.m.EmployeeMain [main] 2. Update Employee Details.
2018-02-08 18:29:38,106 INFO c.s.t.a.m.e.m.EmployeeMain [main] 3. Delete Employee Details.
2018-02-08 18:29:38,106 INFO c.s.t.a.m.e.m.EmployeeMain [main] 4. Show Employee Details.
2018-02-08 18:29:38,106 INFO c.s.t.a.m.e.m.EmployeeMain [main] 5. Exit.
2018-02-08 18:29:38,106 INFO c.s.t.a.m.e.m.EmployeeMain [main] 
Enter Your Choice :
2018-02-08 18:29:43,768 INFO c.s.t.a.m.e.m.EmployeeMain [main] 
==========Add Employee Details Menu==========
2018-02-08 18:29:43,768 INFO c.s.t.a.m.e.m.EmployeeMain [main] 1. Add Personal Details.
2018-02-08 18:29:43,768 INFO c.s.t.a.m.e.m.EmployeeMain [main] 2. Add Academic Details.
2018-02-08 18:29:43,769 INFO c.s.t.a.m.e.m.EmployeeMain [main] 3. Add Previous Employement Details.
2018-02-08 18:29:43,769 INFO c.s.t.a.m.e.m.EmployeeMain [main] 4. Exit.
2018-02-08 18:29:43,769 INFO c.s.t.a.m.e.m.EmployeeMain [main] 
Enter your choice : 
2018-02-08 18:29:58,152 INFO c.s.t.a.m.e.m.EmployeeMain [main] 
**********Employee Management System**********
2018-02-08 18:29:58,152 INFO c.s.t.a.m.e.m.EmployeeMain [main] 1. Add Employee Details.
2018-02-08 18:29:58,152 INFO c.s.t.a.m.e.m.EmployeeMain [main] 2. Update Employee Details.
2018-02-08 18:29:58,152 INFO c.s.t.a.m.e.m.EmployeeMain [main] 3. Delete Employee Details.
2018-02-08 18:29:58,152 INFO c.s.t.a.m.e.m.EmployeeMain [main] 4. Show Employee Details.
2018-02-08 18:29:58,153 INFO c.s.t.a.m.e.m.EmployeeMain [main] 5. Exit.
2018-02-08 18:29:58,153 INFO c.s.t.a.m.e.m.EmployeeMain [main] 
Enter Your Choice :
2018-02-08 19:12:33,981 INFO c.s.t.a.m.e.m.EmployeeMain [main] 
**********Employee Management System**********
2018-02-08 19:12:33,983 INFO c.s.t.a.m.e.m.EmployeeMain [main] 1. Add Employee Details.
2018-02-08 19:12:33,983 INFO c.s.t.a.m.e.m.EmployeeMain [main] 2. Update Employee Details.
2018-02-08 19:12:33,983 INFO c.s.t.a.m.e.m.EmployeeMain [main] 3. Delete Employee Details.
2018-02-08 19:12:33,984 INFO c.s.t.a.m.e.m.EmployeeMain [main] 4. Show Employee Details.
2018-02-08 19:12:33,984 INFO c.s.t.a.m.e.m.EmployeeMain [main] 5. Exit.
2018-02-08 19:12:33,984 INFO c.s.t.a.m.e.m.EmployeeMain [main] 
Enter Your Choice :
2018-02-08 19:14:24,487 INFO c.s.t.a.m.e.m.EmployeeMain [main] 
==========Add Employee Details Menu==========
2018-02-08 19:14:24,487 INFO c.s.t.a.m.e.m.EmployeeMain [main] 1. Add Personal Details.
2018-02-08 19:14:24,487 INFO c.s.t.a.m.e.m.EmployeeMain [main] 2. Add Academic Details.
2018-02-08 19:14:24,487 INFO c.s.t.a.m.e.m.EmployeeMain [main] 3. Add Previous Employement Details.
2018-02-08 19:14:24,487 INFO c.s.t.a.m.e.m.EmployeeMain [main] 4. Exit.
2018-02-08 19:14:24,487 INFO c.s.t.a.m.e.m.EmployeeMain [main] 
Enter your choice : 
2018-02-08 19:14:35,607 INFO c.s.t.a.m.e.m.EmployeeMain [main] java.lang.NumberFormatException: For input string: "e" : Enter appropriate integer value !!
2018-02-08 19:14:35,607 INFO c.s.t.a.m.e.m.EmployeeMain [main] 
==========Add Employee Details Menu==========
2018-02-08 19:14:35,608 INFO c.s.t.a.m.e.m.EmployeeMain [main] 1. Add Personal Details.
2018-02-08 19:14:35,608 INFO c.s.t.a.m.e.m.EmployeeMain [main] 2. Add Academic Details.
2018-02-08 19:14:35,608 INFO c.s.t.a.m.e.m.EmployeeMain [main] 3. Add Previous Employement Details.
2018-02-08 19:14:35,608 INFO c.s.t.a.m.e.m.EmployeeMain [main] 4. Exit.
2018-02-08 19:14:35,608 INFO c.s.t.a.m.e.m.EmployeeMain [main] 
Enter your choice : 
2018-02-08 19:14:58,551 INFO c.s.t.a.m.e.m.EmployeeMain [main] 
Enter Employee Personal Details : 
2018-02-08 19:14:58,551 INFO c.s.t.a.m.e.m.EmployeeMain [main] 
Enter Employee Id : 
2018-02-08 19:15:08,775 INFO c.s.t.a.m.e.m.EmployeeMain [main] Enter Employee Name : 
2018-02-08 19:15:22,567 INFO c.s.t.a.m.e.m.EmployeeMain [main] Enter Employee Age : 
2018-02-08 19:15:25,306 INFO c.s.t.a.m.e.m.EmployeeMain [main] Enter Employee Gender : 
2018-02-08 19:15:28,039 INFO c.s.t.a.m.e.m.EmployeeMain [main] Enter Employee Designation : 
2018-02-08 19:15:29,914 INFO c.s.t.a.m.e.m.EmployeeMain [main] Enter Employee Address : 
2018-02-08 19:15:32,488 INFO c.s.t.a.m.e.m.EmployeeMain [main] Enter Employee Salary : 
2018-02-08 19:16:20,498 INFO c.s.t.a.m.e.m.EmployeeMain [main] 
**********Employee Management System**********
2018-02-08 19:16:20,500 INFO c.s.t.a.m.e.m.EmployeeMain [main] 1. Add Employee Details.
2018-02-08 19:16:20,501 INFO c.s.t.a.m.e.m.EmployeeMain [main] 2. Update Employee Details.
2018-02-08 19:16:20,501 INFO c.s.t.a.m.e.m.EmployeeMain [main] 3. Delete Employee Details.
2018-02-08 19:16:20,501 INFO c.s.t.a.m.e.m.EmployeeMain [main] 4. Show Employee Details.
2018-02-08 19:16:20,501 INFO c.s.t.a.m.e.m.EmployeeMain [main] 5. Exit.
2018-02-08 19:16:20,501 INFO c.s.t.a.m.e.m.EmployeeMain [main] 
Enter Your Choice :
2018-02-08 19:16:26,392 INFO c.s.t.a.m.e.m.EmployeeMain [main] 
==========Add Employee Details Menu==========
2018-02-08 19:16:26,392 INFO c.s.t.a.m.e.m.EmployeeMain [main] 1. Add Personal Details.
2018-02-08 19:16:26,392 INFO c.s.t.a.m.e.m.EmployeeMain [main] 2. Add Academic Details.
2018-02-08 19:16:26,393 INFO c.s.t.a.m.e.m.EmployeeMain [main] 3. Add Previous Employement Details.
2018-02-08 19:16:26,393 INFO c.s.t.a.m.e.m.EmployeeMain [main] 4. Exit.
2018-02-08 19:16:26,393 INFO c.s.t.a.m.e.m.EmployeeMain [main] 
Enter your choice : 
2018-02-08 19:16:27,672 INFO c.s.t.a.m.e.m.EmployeeMain [main] 
Enter Employee Personal Details : 
2018-02-08 19:16:27,672 INFO c.s.t.a.m.e.m.EmployeeMain [main] 
Enter Employee Id : 
2018-02-08 19:16:29,737 INFO c.s.t.a.m.e.m.EmployeeMain [main] Enter Employee Name : 
2018-02-08 19:16:32,248 INFO c.s.t.a.m.e.m.EmployeeMain [main] Enter Employee Age : 
2018-02-08 19:16:35,096 INFO c.s.t.a.m.e.m.EmployeeMain [main] Enter Employee Gender : 
2018-02-08 19:16:36,920 INFO c.s.t.a.m.e.m.EmployeeMain [main] Enter Employee Designation : 
2018-02-08 19:16:38,155 INFO c.s.t.a.m.e.m.EmployeeMain [main] Enter Employee Address : 
2018-02-08 19:16:39,848 INFO c.s.t.a.m.e.m.EmployeeMain [main] Enter Employee Salary : 
2018-02-08 19:16:42,478 INFO c.s.t.a.m.e.m.EmployeeMain [main] Record is not added in Personal Details.
2018-02-08 19:16:42,478 INFO c.s.t.a.m.e.m.EmployeeMain [main] 
Do you want to add more record (y/n)?
2018-02-08 19:18:21,226 INFO c.s.t.a.m.e.m.EmployeeMain [main] 
==========Add Employee Details Menu==========
2018-02-08 19:18:21,227 INFO c.s.t.a.m.e.m.EmployeeMain [main] 1. Add Personal Details.
2018-02-08 19:18:21,227 INFO c.s.t.a.m.e.m.EmployeeMain [main] 2. Add Academic Details.
2018-02-08 19:18:21,227 INFO c.s.t.a.m.e.m.EmployeeMain [main] 3. Add Previous Employement Details.
2018-02-08 19:18:21,227 INFO c.s.t.a.m.e.m.EmployeeMain [main] 4. Exit.
2018-02-08 19:18:21,227 INFO c.s.t.a.m.e.m.EmployeeMain [main] 
Enter your choice : 
2018-02-08 19:18:28,654 INFO c.s.t.a.m.e.m.EmployeeMain [main] 
**********Employee Management System**********
2018-02-08 19:18:28,654 INFO c.s.t.a.m.e.m.EmployeeMain [main] 1. Add Employee Details.
2018-02-08 19:18:28,654 INFO c.s.t.a.m.e.m.EmployeeMain [main] 2. Update Employee Details.
2018-02-08 19:18:28,654 INFO c.s.t.a.m.e.m.EmployeeMain [main] 3. Delete Employee Details.
2018-02-08 19:18:28,654 INFO c.s.t.a.m.e.m.EmployeeMain [main] 4. Show Employee Details.
2018-02-08 19:18:28,654 INFO c.s.t.a.m.e.m.EmployeeMain [main] 5. Exit.
2018-02-08 19:18:28,654 INFO c.s.t.a.m.e.m.EmployeeMain [main] 
Enter Your Choice :
2018-02-08 19:18:30,201 INFO c.s.t.a.m.e.m.EmployeeMain [main] Program Terminated !!!
2018-02-08 19:23:54,483 INFO c.s.t.a.m.e.m.EmployeeMain [main] java.lang.NumberFormatException: null : Please input an integer !!!
2018-02-08 19:23:54,483 INFO c.s.t.a.m.e.m.EmployeeMain [main] 
**********Employee Management System**********
2018-02-08 19:23:54,483 INFO c.s.t.a.m.e.m.EmployeeMain [main] 1. Add Employee Details.
2018-02-08 19:23:54,484 INFO c.s.t.a.m.e.m.EmployeeMain [main] 2. Update Employee Details.
2018-02-08 19:23:54,484 INFO c.s.t.a.m.e.m.EmployeeMain [main] 3. Delete Employee Details.
2018-02-08 19:23:54,484 INFO c.s.t.a.m.e.m.EmployeeMain [main] 4. Show Employee Details.
2018-02-08 19:23:54,484 INFO c.s.t.a.m.e.m.EmployeeMain [main] 5. Exit.
2018-02-08 19:23:54,484 INFO c.s.t.a.m.e.m.EmployeeMain [main] 
Enter Your Choice :
2018-02-08 19:23:54,484 INFO c.s.t.a.m.e.m.EmployeeMain [main] java.lang.NumberFormatException: null : Please input an integer !!!
2018-02-08 19:23:54,484 INFO c.s.t.a.m.e.m.EmployeeMain [main] 
**********Employee Management System**********
2018-02-08 19:23:54,484 INFO c.s.t.a.m.e.m.EmployeeMain [main] 1. Add Employee Details.
2018-02-08 19:23:54,484 INFO c.s.t.a.m.e.m.EmployeeMain [main] 2. Update Employee Details.
2018-02-08 19:23:54,485 INFO c.s.t.a.m.e.m.EmployeeMain [main] 3. Delete Employee Details.
2018-02-08 19:23:54,485 INFO c.s.t.a.m.e.m.EmployeeMain [main] 4. Show Employee Details.
2018-02-08 19:23:54,485 INFO c.s.t.a.m.e.m.EmployeeMain [main] 5. Exit.
2018-02-08 19:23:54,485 INFO c.s.t.a.m.e.m.EmployeeMain [main] 
Enter Your Choice :
2018-02-08 19:23:54,485 INFO c.s.t.a.m.e.m.EmployeeMain [main] java.lang.NumberFormatException: null : Please input an integer !!!
2018-02-08 19:23:54,485 INFO c.s.t.a.m.e.m.EmployeeMain [main] 
**********Employee Management System**********
2018-02-08 19:23:54,485 INFO c.s.t.a.m.e.m.EmployeeMain [main] 1. Add Employee Details.
2018-02-08 19:23:54,485 INFO c.s.t.a.m.e.m.EmployeeMain [main] 2. Update Employee Details.
2018-02-08 19:23:54,485 INFO c.s.t.a.m.e.m.EmployeeMain [main] 3. Delete Employee Details.
2018-02-08 19:23:54,485 INFO c.s.t.a.m.e.m.EmployeeMain [main] 4. Show Employee Details.
2018-02-08 19:23:54,486 INFO c.s.t.a.m.e.m.EmployeeMain [main] 5. Exit.
2018-02-08 19:23:54,486 INFO c.s.t.a.m.e.m.EmployeeMain [main] 
Enter Your Choice :
2018-02-08 19:23:54,486 INFO c.s.t.a.m.e.m.EmployeeMain [main] java.lang.NumberFormatException: null : Please input an integer !!!
2018-02-08 19:23:54,486 INFO c.s.t.a.m.e.m.EmployeeMain [main] 
**********Employee Management System**********
2018-02-08 19:23:54,486 INFO c.s.t.a.m.e.m.EmployeeMain [main] 1. Add Employee Details.
2018-02-08 19:23:54,486 INFO c.s.t.a.m.e.m.EmployeeMain [main] 2. Update Employee Details.
2018-02-08 19:23:54,486 INFO c.s.t.a.m.e.m.EmployeeMain [main] 3. Delete Employee Details.
2018-02-08 19:23:54,486 INFO c.s.t.a.m.e.m.EmployeeMain [main] 4. Show Employee Details.
2018-02-08 19:23:54,486 INFO c.s.t.a.m.e.m.EmployeeMain [main] 5. Exit.
2018-02-08 19:23:54,486 INFO c.s.t.a.m.e.m.EmployeeMain [main] 
Enter Your Choice :
2018-02-08 19:23:54,487 INFO c.s.t.a.m.e.m.EmployeeMain [main] java.lang.NumberFormatException: null : Please input an integer !!!
2018-02-08 19:23:54,487 INFO c.s.t.a.m.e.m.EmployeeMain [main] 
**********Employee Management System**********
2018-02-08 19:23:54,487 INFO c.s.t.a.m.e.m.EmployeeMain [main] 1. Add Employee Details.
2018-02-08 19:23:54,487 INFO c.s.t.a.m.e.m.EmployeeMain [main] 2. Update Employee Details.
2018-02-08 19:23:54,487 INFO c.s.t.a.m.e.m.EmployeeMain [main] 3. Delete Employee Details.
2018-02-08 19:23:54,487 INFO c.s.t.a.m.e.m.EmployeeMain [main] 4. Show Employee Details.
2018-02-08 19:23:54,487 INFO c.s.t.a.m.e.m.EmployeeMain [main] 5. Exit.
2018-02-08 19:23:54,487 INFO c.s.t.a.m.e.m.EmployeeMain [main] 
Enter Your Choice :
2018-02-08 19:23:54,487 INFO c.s.t.a.m.e.m.EmployeeMain [main] java.lang.NumberFormatException: null : Please input an integer !!!
2018-02-08 19:23:54,488 INFO c.s.t.a.m.e.m.EmployeeMain [main] 
**********Employee Management System**********
2018-02-08 19:23:54,488 INFO c.s.t.a.m.e.m.EmployeeMain [main] 1. Add Employee Details.
2018-02-08 19:23:54,488 INFO c.s.t.a.m.e.m.EmployeeMain [main] 2. Update Employee Details.
2018-02-08 19:23:54,488 INFO c.s.t.a.m.e.m.EmployeeMain [main] 3. Delete Employee Details.
2018-02-08 19:23:54,488 INFO c.s.t.a.m.e.m.EmployeeMain [main] 4. Show Employee Details.
2018-02-08 19:23:54,488 INFO c.s.t.a.m.e.m.EmployeeMain [main] 5. Exit.
2018-02-08 19:23:54,488 INFO c.s.t.a.m.e.m.EmployeeMain [main] 
Enter Your Choice :
2018-02-08 19:23:54,488 INFO c.s.t.a.m.e.m.EmployeeMain [main] java.lang.NumberFormatException: null : Please input an integer !!!
2018-02-08 19:23:54,488 INFO c.s.t.a.m.e.m.EmployeeMain [main] 
**********Employee Management System**********
2018-02-08 19:23:54,488 INFO c.s.t.a.m.e.m.EmployeeMain [main] 1. Add Employee Details.
2018-02-08 19:23:54,489 INFO c.s.t.a.m.e.m.EmployeeMain [main] 2. Update Employee Details.
2018-02-08 19:23:54,489 INFO c.s.t.a.m.e.m.EmployeeMain [main] 3. Delete Employee Details.
2018-02-08 19:23:54,489 INFO c.s.t.a.m.e.m.EmployeeMain [main] 4. Show Employee Details.
2018-02-08 19:23:54,489 INFO c.s.t.a.m.e.m.EmployeeMain [main] 5. Exit.
2018-02-08 19:23:54,489 INFO c.s.t.a.m.e.m.EmployeeMain [main] 
Enter Your Choice :
2018-02-08 19:23:54,489 INFO c.s.t.a.m.e.m.EmployeeMain [main] java.lang.NumberFormatException: null : Please input an integer !!!
2018-02-08 19:23:54,489 INFO c.s.t.a.m.e.m.EmployeeMain [main] 
**********Employee Management System**********
2018-02-08 19:23:54,489 INFO c.s.t.a.m.e.m.EmployeeMain [main] 1. Add Employee Details.
2018-02-08 19:23:54,489 INFO c.s.t.a.m.e.m.EmployeeMain [main] 2. Update Employee Details.
2018-02-08 19:23:54,489 INFO c.s.t.a.m.e.m.EmployeeMain [main] 3. Delete Employee Details.
2018-02-08 19:23:54,490 INFO c.s.t.a.m.e.m.EmployeeMain [main] 4. Show Employee Details.
2018-02-08 19:23:54,490 INFO c.s.t.a.m.e.m.EmployeeMain [main] 5. Exit.
2018-02-08 19:23:54,490 INFO c.s.t.a.m.e.m.EmployeeMain [main] 
Enter Your Choice :
2018-02-08 19:23:54,490 INFO c.s.t.a.m.e.m.EmployeeMain [main] java.lang.NumberFormatException: null : Please input an integer !!!
2018-02-08 19:23:54,490 INFO c.s.t.a.m.e.m.EmployeeMain [main] 
**********Employee Management System**********
2018-02-08 19:23:54,490 INFO c.s.t.a.m.e.m.EmployeeMain [main] 1. Add Employee Details.
2018-02-08 19:23:54,490 INFO c.s.t.a.m.e.m.EmployeeMain [main] 2. Update Employee Details.
2018-02-08 19:23:54,492 INFO c.s.t.a.m.e.m.EmployeeMain [main] 3. Delete Employee Details.
2018-02-08 19:23:54,492 INFO c.s.t.a.m.e.m.EmployeeMain [main] 4. Show Employee Details.
2018-02-08 19:23:54,492 INFO c.s.t.a.m.e.m.EmployeeMain [main] 5. Exit.
2018-02-08 19:23:54,492 INFO c.s.t.a.m.e.m.EmployeeMain [main] 
Enter Your Choice :
2018-02-08 19:23:54,492 INFO c.s.t.a.m.e.m.EmployeeMain [main] java.lang.NumberFormatException: null : Please input an integer !!!
2018-02-08 19:23:54,492 INFO c.s.t.a.m.e.m.EmployeeMain [main] 
**********Employee Management System**********
2018-02-08 19:23:54,492 INFO c.s.t.a.m.e.m.EmployeeMain [main] 1. Add Employee Details.
2018-02-08 19:23:54,492 INFO c.s.t.a.m.e.m.EmployeeMain [main] 2. Update Employee Details.
2018-02-08 19:23:54,492 INFO c.s.t.a.m.e.m.EmployeeMain [main] 3. Delete Employee Details.
2018-02-08 19:23:54,493 INFO c.s.t.a.m.e.m.EmployeeMain [main] 4. Show Employee Details.
2018-02-08 19:23:54,493 INFO c.s.t.a.m.e.m.EmployeeMain [main] 5. Exit.
2018-02-08 19:23:54,493 INFO c.s.t.a.m.e.m.EmployeeMain [main] 
Enter Your Choice :
2018-02-08 19:23:54,493 INFO c.s.t.a.m.e.m.EmployeeMain [main] java.lang.NumberFormatException: null : Please input an integer !!!
2018-02-08 19:23:54,493 INFO c.s.t.a.m.e.m.EmployeeMain [main] 
**********Employee Management System**********
2018-02-08 19:23:54,493 INFO c.s.t.a.m.e.m.EmployeeMain [main] 1. Add Employee Details.
2018-02-08 19:23:54,493 INFO c.s.t.a.m.e.m.EmployeeMain [main] 2. Update Employee Details.
2018-02-08 19:23:54,493 INFO c.s.t.a.m.e.m.EmployeeMain [main] 3. Delete Employee Details.
2018-02-08 19:23:54,493 INFO c.s.t.a.m.e.m.EmployeeMain [main] 4. Show Employee Details.
2018-02-08 19:23:54,493 INFO c.s.t.a.m.e.m.EmployeeMain [main] 5. Exit.
2018-02-08 19:23:54,493 INFO c.s.t.a.m.e.m.EmployeeMain [main] 
Enter Your Choice :
2018-02-08 19:23:54,494 INFO c.s.t.a.m.e.m.EmployeeMain [main] java.lang.NumberFormatException: null : Please input an integer !!!
2018-02-08 19:23:54,494 INFO c.s.t.a.m.e.m.EmployeeMain [main] 
**********Employee Management System**********
2018-02-08 19:23:54,494 INFO c.s.t.a.m.e.m.EmployeeMain [main] 1. Add Employee Details.
2018-02-08 19:23:54,494 INFO c.s.t.a.m.e.m.EmployeeMain [main] 2. Update Employee Details.
2018-02-08 19:23:54,494 INFO c.s.t.a.m.e.m.EmployeeMain [main] 3. Delete Employee Details.
2018-02-08 19:23:54,494 INFO c.s.t.a.m.e.m.EmployeeMain [main] 4. Show Employee Details.
2018-02-08 19:23:54,494 INFO c.s.t.a.m.e.m.EmployeeMain [main] 5. Exit.
2018-02-08 19:23:54,494 INFO c.s.t.a.m.e.m.EmployeeMain [main] 
Enter Your Choice :
2018-02-08 19:23:54,494 INFO c.s.t.a.m.e.m.EmployeeMain [main] java.lang.NumberFormatException: null : Please input an integer !!!
2018-02-08 19:23:54,494 INFO c.s.t.a.m.e.m.EmployeeMain [main] 
**********Employee Management System**********
2018-02-08 19:23:54,495 INFO c.s.t.a.m.e.m.EmployeeMain [main] 1. Add Employee Details.
2018-02-08 19:23:54,495 INFO c.s.t.a.m.e.m.EmployeeMain [main] 2. Update Employee Details.
2018-02-08 19:23:54,495 INFO c.s.t.a.m.e.m.EmployeeMain [main] 3. Delete Employee Details.
2018-02-08 19:23:54,495 INFO c.s.t.a.m.e.m.EmployeeMain [main] 4. Show Employee Details.
2018-02-08 19:23:54,495 INFO c.s.t.a.m.e.m.EmployeeMain [main] 5. Exit.
2018-02-08 19:23:54,495 INFO c.s.t.a.m.e.m.EmployeeMain [main] 
Enter Your Choice :
2018-02-08 19:23:54,495 INFO c.s.t.a.m.e.m.EmployeeMain [main] java.lang.NumberFormatException: null : Please input an integer !!!
2018-02-08 19:23:54,496 INFO c.s.t.a.m.e.m.EmployeeMain [main] 
**********Employee Management System**********
2018-02-08 19:23:54,496 INFO c.s.t.a.m.e.m.EmployeeMain [main] 1. Add Employee Details.
2018-02-08 19:23:54,496 INFO c.s.t.a.m.e.m.EmployeeMain [main] 2. Update Employee Details.
2018-02-08 19:23:54,496 INFO c.s.t.a.m.e.m.EmployeeMain [main] 3. Delete Employee Details.
2018-02-08 19:23:54,496 INFO c.s.t.a.m.e.m.EmployeeMain [main] 4. Show Employee Details.
2018-02-08 19:23:54,496 INFO c.s.t.a.m.e.m.EmployeeMain [main] 5. Exit.
2018-02-08 19:23:54,496 INFO c.s.t.a.m.e.m.EmployeeMain [main] 
Enter Your Choice :
2018-02-08 19:23:54,496 INFO c.s.t.a.m.e.m.EmployeeMain [main] java.lang.NumberFormatException: null : Please input an integer !!!
2018-02-08 19:23:54,496 INFO c.s.t.a.m.e.m.EmployeeMain [main] 
**********Employee Management System**********
2018-02-08 19:23:54,497 INFO c.s.t.a.m.e.m.EmployeeMain [main] 1. Add Employee Details.
2018-02-08 19:23:54,497 INFO c.s.t.a.m.e.m.EmployeeMain [main] 2. Update Employee Details.
2018-02-08 19:23:54,497 INFO c.s.t.a.m.e.m.EmployeeMain [main] 3. Delete Employee Details.
2018-02-08 19:23:54,497 INFO c.s.t.a.m.e.m.EmployeeMain [main] 4. Show Employee Details.
2018-02-08 19:23:54,497 INFO c.s.t.a.m.e.m.EmployeeMain [main] 5. Exit.
2018-02-08 19:23:54,497 INFO c.s.t.a.m.e.m.EmployeeMain [main] 
Enter Your Choice :
2018-02-08 19:23:54,497 INFO c.s.t.a.m.e.m.EmployeeMain [main] java.lang.NumberFormatException: null : Please input an integer !!!
2018-02-08 19:23:54,497 INFO c.s.t.a.m.e.m.EmployeeMain [main] 
**********Employee Management System**********
2018-02-08 19:23:54,497 INFO c.s.t.a.m.e.m.EmployeeMain [main] 1. Add Employee Details.
2018-02-08 19:23:54,497 INFO c.s.t.a.m.e.m.EmployeeMain [main] 2. Update Employee Details.
2018-02-08 19:23:54,498 INFO c.s.t.a.m.e.m.EmployeeMain [main] 3. Delete Employee Details.
2018-02-08 19:23:54,498 INFO c.s.t.a.m.e.m.EmployeeMain [main] 4. Show Employee Details.
2018-02-08 19:23:54,498 INFO c.s.t.a.m.e.m.EmployeeMain [main] 5. Exit.
2018-02-08 19:23:54,498 INFO c.s.t.a.m.e.m.EmployeeMain [main] 
Enter Your Choice :
2018-02-08 19:23:54,502 INFO c.s.t.a.m.e.m.EmployeeMain [main] java.lang.NumberFormatException: null : Please input an integer !!!
2018-02-08 19:23:54,502 INFO c.s.t.a.m.e.m.EmployeeMain [main] 
**********Employee Management System**********
2018-02-08 19:23:54,502 INFO c.s.t.a.m.e.m.EmployeeMain [main] 1. Add Employee Details.
2018-02-08 19:23:54,502 INFO c.s.t.a.m.e.m.EmployeeMain [main] 2. Update Employee Details.
2018-02-08 19:23:54,502 INFO c.s.t.a.m.e.m.EmployeeMain [main] 3. Delete Employee Details.
2018-02-08 19:23:54,502 INFO c.s.t.a.m.e.m.EmployeeMain [main] 4. Show Employee Details.
2018-02-08 19:23:54,502 INFO c.s.t.a.m.e.m.EmployeeMain [main] 5. Exit.
2018-02-08 19:23:54,503 INFO c.s.t.a.m.e.m.EmployeeMain [main] 
Enter Your Choice :
2018-02-08 19:23:54,503 INFO c.s.t.a.m.e.m.EmployeeMain [main] java.lang.NumberFormatException: null : Please input an integer !!!
2018-02-08 19:23:54,503 INFO c.s.t.a.m.e.m.EmployeeMain [main] 
**********Employee Management System**********
2018-02-08 19:23:54,503 INFO c.s.t.a.m.e.m.EmployeeMain [main] 1. Add Employee Details.
2018-02-08 19:23:54,503 INFO c.s.t.a.m.e.m.EmployeeMain [main] 2. Update Employee Details.
2018-02-08 19:23:54,503 INFO c.s.t.a.m.e.m.EmployeeMain [main] 3. Delete Employee Details.
2018-02-08 19:23:54,503 INFO c.s.t.a.m.e.m.EmployeeMain [main] 4. Show Employee Details.
2018-02-08 19:23:54,503 INFO c.s.t.a.m.e.m.EmployeeMain [main] 5. Exit.
2018-02-08 19:23:54,503 INFO c.s.t.a.m.e.m.EmployeeMain [main] 
Enter Your Choice :
2018-02-08 19:23:54,504 INFO c.s.t.a.m.e.m.EmployeeMain [main] java.lang.NumberFormatException: null : Please input an integer !!!
2018-02-08 19:23:54,504 INFO c.s.t.a.m.e.m.EmployeeMain [main] 
**********Employee Management System**********
2018-02-08 19:23:54,504 INFO c.s.t.a.m.e.m.EmployeeMain [main] 1. Add Employee Details.
2018-02-08 19:23:54,504 INFO c.s.t.a.m.e.m.EmployeeMain [main] 2. Update Employee Details.
2018-02-08 19:23:54,504 INFO c.s.t.a.m.e.m.EmployeeMain [main] 3. Delete Employee Details.
2018-02-08 19:23:54,504 INFO c.s.t.a.m.e.m.EmployeeMain [main] 4. Show Employee Details.
2018-02-08 19:23:54,504 INFO c.s.t.a.m.e.m.EmployeeMain [main] 5. Exit.
2018-02-08 19:23:54,504 INFO c.s.t.a.m.e.m.EmployeeMain [main] 
Enter Your Choice :
2018-02-08 19:23:54,504 INFO c.s.t.a.m.e.m.EmployeeMain [main] java.lang.NumberFormatException: null : Please input an integer !!!
2018-02-08 19:23:54,504 INFO c.s.t.a.m.e.m.EmployeeMain [main] 
**********Employee Management System**********
2018-02-08 19:23:54,505 INFO c.s.t.a.m.e.m.EmployeeMain [main] 1. Add Employee Details.
2018-02-08 19:23:54,505 INFO c.s.t.a.m.e.m.EmployeeMain [main] 2. Update Employee Details.
2018-02-08 19:23:54,505 INFO c.s.t.a.m.e.m.EmployeeMain [main] 3. Delete Employee Details.
2018-02-08 19:23:54,505 INFO c.s.t.a.m.e.m.EmployeeMain [main] 4. Show Employee Details.
2018-02-08 19:23:54,505 INFO c.s.t.a.m.e.m.EmployeeMain [main] 5. Exit.
2018-02-08 19:23:54,505 INFO c.s.t.a.m.e.m.EmployeeMain [main] 
Enter Your Choice :
2018-02-08 19:23:54,505 INFO c.s.t.a.m.e.m.EmployeeMain [main] java.lang.NumberFormatException: null : Please input an integer !!!
2018-02-08 19:23:54,505 INFO c.s.t.a.m.e.m.EmployeeMain [main] 
**********Employee Management System**********
2018-02-08 19:23:54,505 INFO c.s.t.a.m.e.m.EmployeeMain [main] 1. Add Employee Details.
2018-02-08 19:23:54,505 INFO c.s.t.a.m.e.m.EmployeeMain [main] 2. Update Employee Details.
2018-02-08 19:23:54,506 INFO c.s.t.a.m.e.m.EmployeeMain [main] 3. Delete Employee Details.
2018-02-08 19:23:54,506 INFO c.s.t.a.m.e.m.EmployeeMain [main] 4. Show Employee Details.
2018-02-08 19:23:54,506 INFO c.s.t.a.m.e.m.EmployeeMain [main] 5. Exit.
2018-02-08 19:23:54,506 INFO c.s.t.a.m.e.m.EmployeeMain [main] 
Enter Your Choice :
2018-02-08 19:23:54,506 INFO c.s.t.a.m.e.m.EmployeeMain [main] java.lang.NumberFormatException: null : Please input an integer !!!
2018-02-08 19:23:54,506 INFO c.s.t.a.m.e.m.EmployeeMain [main] 
**********Employee Management System**********
2018-02-08 19:23:54,506 INFO c.s.t.a.m.e.m.EmployeeMain [main] 1. Add Employee Details.
2018-02-08 19:23:54,506 INFO c.s.t.a.m.e.m.EmployeeMain [main] 2. Update Employee Details.
2018-02-08 19:23:54,506 INFO c.s.t.a.m.e.m.EmployeeMain [main] 3. Delete Employee Details.
2018-02-08 19:23:54,506 INFO c.s.t.a.m.e.m.EmployeeMain [main] 4. Show Employee Details.
2018-02-08 19:23:54,507 INFO c.s.t.a.m.e.m.EmployeeMain [main] 5. Exit.
2018-02-08 19:23:54,507 INFO c.s.t.a.m.e.m.EmployeeMain [main] 
Enter Your Choice :
2018-02-08 19:23:54,507 INFO c.s.t.a.m.e.m.EmployeeMain [main] java.lang.NumberFormatException: null : Please input an integer !!!
2018-02-08 19:23:54,507 INFO c.s.t.a.m.e.m.EmployeeMain [main] 
**********Employee Management System**********
2018-02-08 19:23:54,507 INFO c.s.t.a.m.e.m.EmployeeMain [main] 1. Add Employee Details.
2018-02-08 19:23:54,507 INFO c.s.t.a.m.e.m.EmployeeMain [main] 2. Update Employee Details.
2018-02-08 19:23:54,507 INFO c.s.t.a.m.e.m.EmployeeMain [main] 3. Delete Employee Details.
2018-02-08 19:23:54,507 INFO c.s.t.a.m.e.m.EmployeeMain [main] 4. Show Employee Details.
2018-02-08 19:23:54,507 INFO c.s.t.a.m.e.m.EmployeeMain [main] 5. Exit.
2018-02-08 19:23:54,507 INFO c.s.t.a.m.e.m.EmployeeMain [main] 
Enter Your Choice :
2018-02-08 19:23:54,508 INFO c.s.t.a.m.e.m.EmployeeMain [main] java.lang.NumberFormatException: null : Please input an integer !!!
2018-02-08 19:23:54,508 INFO c.s.t.a.m.e.m.EmployeeMain [main] 
**********Employee Management System**********
2018-02-08 19:23:54,508 INFO c.s.t.a.m.e.m.EmployeeMain [main] 1. Add Employee Details.
2018-02-08 19:23:54,510 INFO c.s.t.a.m.e.m.EmployeeMain [main] 2. Update Employee Details.
2018-02-08 19:23:54,510 INFO c.s.t.a.m.e.m.EmployeeMain [main] 3. Delete Employee Details.
2018-02-08 19:23:54,510 INFO c.s.t.a.m.e.m.EmployeeMain [main] 4. Show Employee Details.
2018-02-08 19:23:54,510 INFO c.s.t.a.m.e.m.EmployeeMain [main] 5. Exit.
2018-02-08 19:23:54,510 INFO c.s.t.a.m.e.m.EmployeeMain [main] 
Enter Your Choice :
2018-02-08 19:23:54,510 INFO c.s.t.a.m.e.m.EmployeeMain [main] java.lang.NumberFormatException: null : Please input an integer !!!
2018-02-08 19:23:54,512 INFO c.s.t.a.m.e.m.EmployeeMain [main] 
**********Employee Management System**********
2018-02-08 19:23:54,512 INFO c.s.t.a.m.e.m.EmployeeMain [main] 1. Add Employee Details.
2018-02-08 19:23:54,512 INFO c.s.t.a.m.e.m.EmployeeMain [main] 2. Update Employee Details.
2018-02-08 19:23:54,512 INFO c.s.t.a.m.e.m.EmployeeMain [main] 3. Delete Employee Details.
2018-02-08 19:23:54,512 INFO c.s.t.a.m.e.m.EmployeeMain [main] 4. Show Employee Details.
2018-02-08 19:23:54,513 INFO c.s.t.a.m.e.m.EmployeeMain [main] 5. Exit.
2018-02-08 19:23:54,513 INFO c.s.t.a.m.e.m.EmployeeMain [main] 
Enter Your Choice :
2018-02-08 19:23:54,513 INFO c.s.t.a.m.e.m.EmployeeMain [main] java.lang.NumberFormatException: null : Please input an integer !!!
2018-02-08 19:23:54,513 INFO c.s.t.a.m.e.m.EmployeeMain [main] 
**********Employee Management System**********
2018-02-08 19:23:54,513 INFO c.s.t.a.m.e.m.EmployeeMain [main] 1. Add Employee Details.
2018-02-08 19:23:54,513 INFO c.s.t.a.m.e.m.EmployeeMain [main] 2. Update Employee Details.
2018-02-08 19:23:54,513 INFO c.s.t.a.m.e.m.EmployeeMain [main] 3. Delete Employee Details.
2018-02-08 19:23:54,513 INFO c.s.t.a.m.e.m.EmployeeMain [main] 4. Show Employee Details.
2018-02-08 19:23:54,513 INFO c.s.t.a.m.e.m.EmployeeMain [main] 5. Exit.
2018-02-08 19:23:54,513 INFO c.s.t.a.m.e.m.EmployeeMain [main] 
Enter Your Choice :
2018-02-08 19:23:54,513 INFO c.s.t.a.m.e.m.EmployeeMain [main] java.lang.NumberFormatException: null : Please input an integer !!!
2018-02-08 19:23:54,514 INFO c.s.t.a.m.e.m.EmployeeMain [main] 
**********Employee Management System**********
2018-02-08 19:23:54,514 INFO c.s.t.a.m.e.m.EmployeeMain [main] 1. Add Employee Details.
2018-02-08 19:23:54,514 INFO c.s.t.a.m.e.m.EmployeeMain [main] 2. Update Employee Details.
2018-02-08 19:23:54,514 INFO c.s.t.a.m.e.m.EmployeeMain [main] 3. Delete Employee Details.
2018-02-08 19:23:54,514 INFO c.s.t.a.m.e.m.EmployeeMain [main] 4. Show Employee Details.
2018-02-08 19:23:54,514 INFO c.s.t.a.m.e.m.EmployeeMain [main] 5. Exit.
2018-02-08 19:23:54,514 INFO c.s.t.a.m.e.m.EmployeeMain [main] 
Enter Your Choice :
2018-02-08 19:23:54,514 INFO c.s.t.a.m.e.m.EmployeeMain [main] java.lang.NumberFormatException: null : Please input an integer !!!
2018-02-08 19:23:54,514 INFO c.s.t.a.m.e.m.EmployeeMain [main] 
**********Employee Management System**********
2018-02-08 19:23:54,514 INFO c.s.t.a.m.e.m.EmployeeMain [main] 1. Add Employee Details.
2018-02-08 19:23:54,514 INFO c.s.t.a.m.e.m.EmployeeMain [main] 2. Update Employee Details.
2018-02-08 19:23:54,515 INFO c.s.t.a.m.e.m.EmployeeMain [main] 3. Delete Employee Details.
2018-02-08 19:23:54,515 INFO c.s.t.a.m.e.m.EmployeeMain [main] 4. Show Employee Details.
2018-02-08 19:23:54,515 INFO c.s.t.a.m.e.m.EmployeeMain [main] 5. Exit.
2018-02-08 19:23:54,515 INFO c.s.t.a.m.e.m.EmployeeMain [main] 
Enter Your Choice :
2018-02-08 19:23:54,515 INFO c.s.t.a.m.e.m.EmployeeMain [main] java.lang.NumberFormatException: null : Please input an integer !!!
2018-02-08 19:23:54,515 INFO c.s.t.a.m.e.m.EmployeeMain [main] 
**********Employee Management System**********
2018-02-08 19:23:54,515 INFO c.s.t.a.m.e.m.EmployeeMain [main] 1. Add Employee Details.
2018-02-08 19:23:54,515 INFO c.s.t.a.m.e.m.EmployeeMain [main] 2. Update Employee Details.
2018-02-08 19:23:54,515 INFO c.s.t.a.m.e.m.EmployeeMain [main] 3. Delete Employee Details.
2018-02-08 19:23:54,516 INFO c.s.t.a.m.e.m.EmployeeMain [main] 4. Show Employee Details.
2018-02-08 19:23:54,516 INFO c.s.t.a.m.e.m.EmployeeMain [main] 5. Exit.
2018-02-08 19:23:54,516 INFO c.s.t.a.m.e.m.EmployeeMain [main] 
Enter Your Choice :
2018-02-08 19:23:54,516 INFO c.s.t.a.m.e.m.EmployeeMain [main] java.lang.NumberFormatException: null : Please input an integer !!!
2018-02-08 19:23:54,516 INFO c.s.t.a.m.e.m.EmployeeMain [main] 
**********Employee Management System**********
2018-02-08 19:23:54,517 INFO c.s.t.a.m.e.m.EmployeeMain [main] 1. Add Employee Details.
2018-02-08 19:23:54,517 INFO c.s.t.a.m.e.m.EmployeeMain [main] 2. Update Employee Details.
2018-02-08 19:23:54,517 INFO c.s.t.a.m.e.m.EmployeeMain [main] 3. Delete Employee Details.
2018-02-08 19:23:54,517 INFO c.s.t.a.m.e.m.EmployeeMain [main] 4. Show Employee Details.
2018-02-08 19:23:54,517 INFO c.s.t.a.m.e.m.EmployeeMain [main] 5. Exit.
2018-02-08 19:23:54,517 INFO c.s.t.a.m.e.m.EmployeeMain [main] 
Enter Your Choice :
2018-02-08 19:23:54,517 INFO c.s.t.a.m.e.m.EmployeeMain [main] java.lang.NumberFormatException: null : Please input an integer !!!
2018-02-08 19:23:54,517 INFO c.s.t.a.m.e.m.EmployeeMain [main] 
**********Employee Management System**********
2018-02-08 19:23:54,518 INFO c.s.t.a.m.e.m.EmployeeMain [main] 1. Add Employee Details.
2018-02-08 19:23:54,518 INFO c.s.t.a.m.e.m.EmployeeMain [main] 2. Update Employee Details.
2018-02-08 19:23:54,518 INFO c.s.t.a.m.e.m.EmployeeMain [main] 3. Delete Employee Details.
2018-02-08 19:23:54,518 INFO c.s.t.a.m.e.m.EmployeeMain [main] 4. Show Employee Details.
2018-02-08 19:23:54,518 INFO c.s.t.a.m.e.m.EmployeeMain [main] 5. Exit.
2018-02-08 19:23:54,518 INFO c.s.t.a.m.e.m.EmployeeMain [main] 
Enter Your Choice :
2018-02-08 19:23:54,518 INFO c.s.t.a.m.e.m.EmployeeMain [main] java.lang.NumberFormatException: null : Please input an integer !!!
2018-02-08 19:23:54,518 INFO c.s.t.a.m.e.m.EmployeeMain [main] 
**********Employee Management System**********
2018-02-08 19:23:54,518 INFO c.s.t.a.m.e.m.EmployeeMain [main] 1. Add Employee Details.
2018-02-08 19:23:54,518 INFO c.s.t.a.m.e.m.EmployeeMain [main] 2. Update Employee Details.
2018-02-08 19:23:54,518 INFO c.s.t.a.m.e.m.EmployeeMain [main] 3. Delete Employee Details.
2018-02-08 19:23:54,519 INFO c.s.t.a.m.e.m.EmployeeMain [main] 4. Show Employee Details.
2018-02-08 19:23:54,519 INFO c.s.t.a.m.e.m.EmployeeMain [main] 5. Exit.
2018-02-08 19:23:54,519 INFO c.s.t.a.m.e.m.EmployeeMain [main] 
Enter Your Choice :
